TN:
SF:/home/brew/gti/learn/sem4/lois/lab1/src/logictool.cpp
FN:6,_ZN12_GLOBAL__N_17isSpaceEc
FN:7,_ZN12_GLOBAL__N_17isAlphaEc
FN:8,_ZN12_GLOBAL__N_17isAlnumEc
FN:10,_ZN12_GLOBAL__N_17prepareERKNSt7__cxx1112basic_stringIcSt11char_traitsIcESaIcEEE
FN:20,_ZN12_GLOBAL__N_111getVarIndexERKNSt7__cxx1112basic_stringIcSt11char_traitsIcESaIcEEERSt6vectorIS5_SaIS5_EE
FN:29,_ZN12_GLOBAL__N_112parseFormulaERKNSt7__cxx1112basic_stringIcSt11char_traitsIcESaIcEEERiRSt6vectorIS5_SaIS5_EE
FN:74,_Z9buildTreeRKNSt7__cxx1112basic_stringIcSt11char_traitsIcESaIcEEERSt6vectorIS4_SaIS4_EE
FN:88,_Z8evaluatePK4NodeRKSt6vectorIbSaIbEE
FN:104,_Z10deleteTreeP4Node
FNDA:21,_ZN12_GLOBAL__N_17prepareERKNSt7__cxx1112basic_stringIcSt11char_traitsIcESaIcEEE
FNDA:145,_ZN12_GLOBAL__N_17isAlphaEc
FNDA:21,_Z9buildTreeRKNSt7__cxx1112basic_stringIcSt11char_traitsIcESaIcEEERSt6vectorIS4_SaIS4_EE
FNDA:196,_ZN12_GLOBAL__N_17isSpaceEc
FNDA:52,_Z8evaluatePK4NodeRKSt6vectorIbSaIbEE
FNDA:88,_ZN12_GLOBAL__N_112parseFormulaERKNSt7__cxx1112basic_stringIcSt11char_traitsIcESaIcEEERiRSt6vectorIS5_SaIS5_EE
FNDA:191,_Z10deleteTreeP4Node
FNDA:102,_ZN12_GLOBAL__N_17isAlnumEc
FNDA:43,_ZN12_GLOBAL__N_111getVarIndexERKNSt7__cxx1112basic_stringIcSt11char_traitsIcESaIcEEERSt6vectorIS5_SaIS5_EE
FNF:9
FNH:9
DA:6,196
DA:7,145
DA:8,102
DA:10,21
DA:11,21
DA:12,21
DA:13,217
DA:14,196
DA:16,21
DA:17,0
DA:20,43
DA:21,43
DA:22,43
DA:23,29
DA:25,14
DA:26,14
DA:29,88
DA:30,88
DA:32,88
DA:33,15
DA:34,15
DA:37,73
DA:38,26
DA:39,26
DA:42,26
DA:43,14
DA:44,4
DA:45,3
DA:46,0
DA:48,26
DA:50,26
DA:51,0
DA:53,26
DA:55,26
DA:58,47
DA:59,45
DA:61,43
DA:62,43
DA:63,103
DA:64,60
DA:66,43
DA:67,43
DA:68,43
DA:70,0
DA:74,21
DA:75,21
DA:76,21
DA:77,21
DA:79,21
DA:81,21
DA:82,0
DA:84,21
DA:85,21
DA:88,52
DA:89,52
DA:91,51
DA:92,2
DA:93,2
DA:94,20
DA:95,9
DA:96,8
DA:97,8
DA:98,0
DA:99,2
DA:101,0
DA:104,191
DA:105,191
DA:106,85
DA:107,85
DA:108,85
LF:70
LH:63
end_of_record
TN:
SF:/home/brew/gti/learn/sem4/lois/lab1/src/node.h
FN:19,_ZN4NodeC2E8NodeTypeNSt7__cxx1112basic_stringIcSt11char_traitsIcESaIcEEEi
FN:23,_ZN4NodeC2E8NodeTypePS_S1_
FNDA:41,_ZN4NodeC2E8NodeTypePS_S1_
FNDA:47,_ZN4NodeC2E8NodeTypeNSt7__cxx1112basic_stringIcSt11char_traitsIcESaIcEEEi
FNF:2
FNH:2
DA:19,47
DA:20,47
DA:23,41
DA:24,41
LF:4
LH:4
end_of_record
TN:
SF:/home/brew/gti/learn/sem4/lois/lab1/tests/test_logictool.cpp
FN:11,_ZN17LogicToolFuncTest8TearDownEv
FN:30,_ZN17LogicToolFuncTest15EvaluateFormulaERKNSt7__cxx1112basic_stringIcSt11char_traitsIcESaIcEEERKSt6vectorIbSaIbEE
FN:41,_ZN46LogicToolFuncTest_ParserOperatorsCoverage_Test8TestBodyEv
FN:41,_ZN46LogicToolFuncTest_ParserOperatorsCoverage_TestD2Ev
FN:41,_ZN46LogicToolFuncTest_ParserOperatorsCoverage_TestD0Ev
FN:41,_ZN46LogicToolFuncTest_ParserOperatorsCoverage_TestC2Ev
FN:56,_ZN41LogicToolFuncTest_WhitespaceHandling_TestD0Ev
FN:56,_ZN41LogicToolFuncTest_WhitespaceHandling_TestD2Ev
FN:56,_ZN41LogicToolFuncTest_WhitespaceHandling_TestC2Ev
FN:56,_ZN41LogicToolFuncTest_WhitespaceHandling_Test8TestBodyEv
FN:67,_ZN36LogicToolFuncTest_EvaluateLogic_Test8TestBodyEv
FN:67,_ZN36LogicToolFuncTest_EvaluateLogic_TestD0Ev
FN:67,_ZN36LogicToolFuncTest_EvaluateLogic_TestD2Ev
FN:67,_ZN36LogicToolFuncTest_EvaluateLogic_TestC2Ev
FN:74,_ZN52LogicToolFuncTest_ComplexFormulasAndTautologies_Test8TestBodyEv
FN:74,_ZN52LogicToolFuncTest_ComplexFormulasAndTautologies_TestD0Ev
FN:74,_ZN52LogicToolFuncTest_ComplexFormulasAndTautologies_TestC2Ev
FN:74,_ZN52LogicToolFuncTest_ComplexFormulasAndTautologies_TestD2Ev
FN:87,_ZN36LogicToolFuncTest_ConstantsTest_TestC2Ev
FN:87,_ZN36LogicToolFuncTest_ConstantsTest_TestD0Ev
FN:87,_ZN36LogicToolFuncTest_ConstantsTest_TestD2Ev
FN:87,_ZN36LogicToolFuncTest_ConstantsTest_Test8TestBodyEv
FN:99,_ZN39LogicToolFuncTest_VariableIndexing_TestC2Ev
FN:99,_ZN39LogicToolFuncTest_VariableIndexing_TestD2Ev
FN:99,_ZN39LogicToolFuncTest_VariableIndexing_TestD0Ev
FN:99,_ZN39LogicToolFuncTest_VariableIndexing_Test8TestBodyEv
FN:111,_ZN44LogicToolFuncTest_AlphanumericVariables_TestD2Ev
FN:111,_ZN44LogicToolFuncTest_AlphanumericVariables_Test8TestBodyEv
FN:111,_ZN44LogicToolFuncTest_AlphanumericVariables_TestC2Ev
FN:111,_ZN44LogicToolFuncTest_AlphanumericVariables_TestD0Ev
FN:119,_ZN35LogicToolFuncTest_MemorySafety_TestC2Ev
FN:119,_ZN35LogicToolFuncTest_MemorySafety_TestD0Ev
FN:119,_ZN35LogicToolFuncTest_MemorySafety_TestD2Ev
FN:119,_ZN35LogicToolFuncTest_MemorySafety_Test8TestBodyEv
FNDA:1,_ZN36LogicToolFuncTest_ConstantsTest_TestD0Ev
FNDA:1,_ZN46LogicToolFuncTest_ParserOperatorsCoverage_TestD2Ev
FNDA:1,_ZN35LogicToolFuncTest_MemorySafety_TestD0Ev
FNDA:1,_ZN36LogicToolFuncTest_EvaluateLogic_TestD0Ev
FNDA:1,_ZN35LogicToolFuncTest_MemorySafety_TestC2Ev
FNDA:1,_ZN46LogicToolFuncTest_ParserOperatorsCoverage_Test8TestBodyEv
FNDA:1,_ZN36LogicToolFuncTest_ConstantsTest_TestC2Ev
FNDA:13,_ZN17LogicToolFuncTest15EvaluateFormulaERKNSt7__cxx1112basic_stringIcSt11char_traitsIcESaIcEEERKSt6vectorIbSaIbEE
FNDA:1,_ZN39LogicToolFuncTest_VariableIndexing_TestC2Ev
FNDA:1,_ZN41LogicToolFuncTest_WhitespaceHandling_TestD2Ev
FNDA:1,_ZN36LogicToolFuncTest_EvaluateLogic_Test8TestBodyEv
FNDA:1,_ZN44LogicToolFuncTest_AlphanumericVariables_Test8TestBodyEv
FNDA:1,_ZN44LogicToolFuncTest_AlphanumericVariables_TestD2Ev
FNDA:1,_ZN41LogicToolFuncTest_WhitespaceHandling_TestD0Ev
FNDA:1,_ZN52LogicToolFuncTest_ComplexFormulasAndTautologies_TestD2Ev
FNDA:1,_ZN46LogicToolFuncTest_ParserOperatorsCoverage_TestC2Ev
FNDA:1,_ZN52LogicToolFuncTest_ComplexFormulasAndTautologies_TestC2Ev
FNDA:1,_ZN35LogicToolFuncTest_MemorySafety_Test8TestBodyEv
FNDA:1,_ZN39LogicToolFuncTest_VariableIndexing_Test8TestBodyEv
FNDA:1,_ZN44LogicToolFuncTest_AlphanumericVariables_TestD0Ev
FNDA:1,_ZN52LogicToolFuncTest_ComplexFormulasAndTautologies_TestD0Ev
FNDA:1,_ZN35LogicToolFuncTest_MemorySafety_TestD2Ev
FNDA:1,_ZN44LogicToolFuncTest_AlphanumericVariables_TestC2Ev
FNDA:1,_ZN52LogicToolFuncTest_ComplexFormulasAndTautologies_Test8TestBodyEv
FNDA:1,_ZN36LogicToolFuncTest_ConstantsTest_TestD2Ev
FNDA:1,_ZN36LogicToolFuncTest_ConstantsTest_Test8TestBodyEv
FNDA:1,_ZN46LogicToolFuncTest_ParserOperatorsCoverage_TestD0Ev
FNDA:1,_ZN41LogicToolFuncTest_WhitespaceHandling_Test8TestBodyEv
FNDA:1,_ZN36LogicToolFuncTest_EvaluateLogic_TestC2Ev
FNDA:8,_ZN17LogicToolFuncTest8TearDownEv
FNDA:1,_ZN39LogicToolFuncTest_VariableIndexing_TestD2Ev
FNDA:1,_ZN36LogicToolFuncTest_EvaluateLogic_TestD2Ev
FNDA:1,_ZN39LogicToolFuncTest_VariableIndexing_TestD0Ev
FNDA:1,_ZN41LogicToolFuncTest_WhitespaceHandling_TestC2Ev
FNF:34
FNH:34
DA:11,8
DA:12,8
DA:13,3
DA:14,3
DA:16,8
DA:17,8
DA:30,13
DA:31,13
DA:32,13
DA:33,13
DA:34,13
DA:35,13
DA:41,4
DA:43,1
DA:44,1
DA:45,1
DA:46,1
DA:49,1
DA:50,1
DA:51,1
DA:53,1
DA:54,1
DA:56,4
DA:58,1
DA:59,1
DA:60,1
DA:61,1
DA:67,4
DA:69,1
DA:70,1
DA:71,1
DA:72,1
DA:74,4
DA:76,1
DA:77,1
DA:79,1
DA:80,1
DA:83,1
DA:84,1
DA:85,1
DA:87,4
DA:88,1
DA:89,1
DA:90,1
DA:93,1
DA:94,1
DA:95,1
DA:99,4
DA:100,1
DA:102,1
DA:103,1
DA:104,1
DA:106,1
DA:107,1
DA:108,1
DA:111,4
DA:113,1
DA:114,1
DA:115,1
DA:116,1
DA:119,4
DA:121,1
DA:122,1
DA:123,1
LF:64
LH:64
end_of_record
