TN:
SF:/home/brew/gti/learn/sem4/lois/lab1/src/logictool.cpp
FN:4,_ZN9LogicTool7isSpaceEc
FN:5,_ZN9LogicTool7isAlphaEc
FN:6,_ZN9LogicTool7isAlnumEc
FN:8,_ZN9LogicTool7prepareENSt7__cxx1112basic_stringIcSt11char_traitsIcESaIcEEE
FN:16,_ZN9LogicTool9buildTreeENSt7__cxx1112basic_stringIcSt11char_traitsIcESaIcEEE
FN:29,_ZN9LogicTool12parseFormulaEv
FN:69,_ZN9LogicTool8evaluateEP4NodePK6VarEnvi
FN:87,_ZN9LogicTool10deleteTreeEP4Node
FN:94,_ZN9LogicTool12getVariablesERKNSt7__cxx1112basic_stringIcSt11char_traitsIcESaIcEEEPS5_i
FNDA:119,_ZN9LogicTool7isAlphaEc
FNDA:55,_ZN9LogicTool12parseFormulaEv
FNDA:28,_ZN9LogicTool8evaluateEP4NodePK6VarEnvi
FNDA:2,_ZN9LogicTool12getVariablesERKNSt7__cxx1112basic_stringIcSt11char_traitsIcESaIcEEEPS5_i
FNDA:98,_ZN9LogicTool10deleteTreeEP4Node
FNDA:25,_ZN9LogicTool7prepareENSt7__cxx1112basic_stringIcSt11char_traitsIcESaIcEEE
FNDA:119,_ZN9LogicTool7isSpaceEc
FNDA:69,_ZN9LogicTool7isAlnumEc
FNDA:23,_ZN9LogicTool9buildTreeENSt7__cxx1112basic_stringIcSt11char_traitsIcESaIcEEE
FNF:9
FNH:9
DA:4,119
DA:5,119
DA:6,69
DA:8,25
DA:9,25
DA:10,144
DA:11,119
DA:13,25
DA:14,0
DA:16,23
DA:17,23
DA:18,23
DA:19,23
DA:21,22
DA:23,17
DA:24,1
DA:26,16
DA:29,55
DA:30,55
DA:32,53
DA:33,5
DA:34,5
DA:37,48
DA:38,15
DA:39,15
DA:41,14
DA:42,14
DA:43,10
DA:44,7
DA:45,4
DA:46,1
DA:48,13
DA:50,13
DA:51,1
DA:53,12
DA:55,12
DA:56,14
DA:58,33
DA:59,32
DA:60,64
DA:61,32
DA:63,32
DA:64,32
DA:66,1
DA:69,28
DA:70,28
DA:71,27
DA:72,27
DA:73,25
DA:74,23
DA:75,21
DA:76,19
DA:79,25
DA:80,24
DA:81,16
DA:84,1
DA:85,27
DA:87,98
DA:88,98
DA:89,41
DA:90,41
DA:91,41
DA:94,2
DA:95,2
DA:96,2
DA:97,19
DA:98,17
DA:99,5
DA:100,10
DA:101,5
DA:105,5
DA:106,7
DA:107,3
DA:108,1
DA:109,1
DA:113,5
DA:114,3
DA:116,5
DA:117,5
DA:119,2
DA:120,2
LF:81
LH:80
end_of_record
TN:
SF:/home/brew/gti/learn/sem4/lois/lab1/src/node.h
FN:10,_ZN4NodeC2ENSt7__cxx1112basic_stringIcSt11char_traitsIcESaIcEEE
FN:11,_ZN4NodeC2ENSt7__cxx1112basic_stringIcSt11char_traitsIcESaIcEEEPS_S6_
FNDA:16,_ZN4NodeC2ENSt7__cxx1112basic_stringIcSt11char_traitsIcESaIcEEEPS_S6_
FNDA:32,_ZN4NodeC2ENSt7__cxx1112basic_stringIcSt11char_traitsIcESaIcEEE
FNF:2
FNH:2
DA:10,32
DA:11,16
LF:2
LH:2
end_of_record
TN:
SF:/home/brew/gti/learn/sem4/lois/lab1/tests/test_logictool.cpp
FN:10,_ZN17LogicToolDeepTest8TearDownEv
FN:18,_ZN17LogicToolDeepTest11ExpectErrorENSt7__cxx1112basic_stringIcSt11char_traitsIcESaIcEEES5_
FN:44,_ZN43LogicToolDeepTest_ParserBranchCoverage_TestD0Ev
FN:44,_ZN43LogicToolDeepTest_ParserBranchCoverage_Test8TestBodyEv
FN:44,_ZN43LogicToolDeepTest_ParserBranchCoverage_TestD2Ev
FN:44,_ZN43LogicToolDeepTest_ParserBranchCoverage_TestC2Ev
FN:59,_ZN39LogicToolDeepTest_ParserExceptions_TestD2Ev
FN:59,_ZN39LogicToolDeepTest_ParserExceptions_TestD0Ev
FN:59,_ZN39LogicToolDeepTest_ParserExceptions_TestC2Ev
FN:59,_ZN39LogicToolDeepTest_ParserExceptions_Test8TestBodyEv
FN:71,_ZN43LogicToolDeepTest_EvaluateFullCoverage_Test8TestBodyEv
FN:71,_ZN43LogicToolDeepTest_EvaluateFullCoverage_TestD2Ev
FN:71,_ZN43LogicToolDeepTest_EvaluateFullCoverage_TestC2Ev
FN:71,_ZN43LogicToolDeepTest_EvaluateFullCoverage_TestD0Ev
FN:75,_ZZN43LogicToolDeepTest_EvaluateFullCoverage_Test8TestBodyEvENKUlNSt7__cxx1112basic_stringIcSt11char_traitsIcESaIcEEEbE_clES5_b
FN:96,_ZN41LogicToolDeepTest_EvaluateUnknownVar_TestD2Ev
FN:96,_ZN41LogicToolDeepTest_EvaluateUnknownVar_TestD0Ev
FN:96,_ZN41LogicToolDeepTest_EvaluateUnknownVar_Test8TestBodyEv
FN:96,_ZN41LogicToolDeepTest_EvaluateUnknownVar_TestC2Ev
FN:109,_ZN43LogicToolDeepTest_GetVariablesCoverage_Test8TestBodyEv
FN:109,_ZN43LogicToolDeepTest_GetVariablesCoverage_TestC2Ev
FN:109,_ZN43LogicToolDeepTest_GetVariablesCoverage_TestD0Ev
FN:109,_ZN43LogicToolDeepTest_GetVariablesCoverage_TestD2Ev
FN:124,_ZN39LogicToolDeepTest_DeleteTreeSafety_Test8TestBodyEv
FN:124,_ZN39LogicToolDeepTest_DeleteTreeSafety_TestD2Ev
FN:124,_ZN39LogicToolDeepTest_DeleteTreeSafety_TestC2Ev
FN:124,_ZN39LogicToolDeepTest_DeleteTreeSafety_TestD0Ev
FNDA:7,_ZN17LogicToolDeepTest11ExpectErrorENSt7__cxx1112basic_stringIcSt11char_traitsIcESaIcEEES5_
FNDA:1,_ZN43LogicToolDeepTest_ParserBranchCoverage_TestD0Ev
FNDA:10,_ZZN43LogicToolDeepTest_EvaluateFullCoverage_Test8TestBodyEvENKUlNSt7__cxx1112basic_stringIcSt11char_traitsIcESaIcEEEbE_clES5_b
FNDA:1,_ZN39LogicToolDeepTest_ParserExceptions_TestD0Ev
FNDA:1,_ZN39LogicToolDeepTest_ParserExceptions_TestD2Ev
FNDA:1,_ZN43LogicToolDeepTest_EvaluateFullCoverage_Test8TestBodyEv
FNDA:6,_ZN17LogicToolDeepTest8TearDownEv
FNDA:1,_ZN43LogicToolDeepTest_GetVariablesCoverage_TestD0Ev
FNDA:1,_ZN39LogicToolDeepTest_DeleteTreeSafety_TestC2Ev
FNDA:1,_ZN43LogicToolDeepTest_EvaluateFullCoverage_TestD2Ev
FNDA:1,_ZN39LogicToolDeepTest_DeleteTreeSafety_Test8TestBodyEv
FNDA:1,_ZN43LogicToolDeepTest_GetVariablesCoverage_TestC2Ev
FNDA:1,_ZN43LogicToolDeepTest_GetVariablesCoverage_Test8TestBodyEv
FNDA:1,_ZN39LogicToolDeepTest_DeleteTreeSafety_TestD2Ev
FNDA:1,_ZN43LogicToolDeepTest_ParserBranchCoverage_Test8TestBodyEv
FNDA:1,_ZN41LogicToolDeepTest_EvaluateUnknownVar_TestD2Ev
FNDA:1,_ZN41LogicToolDeepTest_EvaluateUnknownVar_TestD0Ev
FNDA:1,_ZN43LogicToolDeepTest_EvaluateFullCoverage_TestC2Ev
FNDA:1,_ZN39LogicToolDeepTest_ParserExceptions_TestC2Ev
FNDA:1,_ZN39LogicToolDeepTest_DeleteTreeSafety_TestD0Ev
FNDA:1,_ZN43LogicToolDeepTest_ParserBranchCoverage_TestD2Ev
FNDA:1,_ZN41LogicToolDeepTest_EvaluateUnknownVar_TestC2Ev
FNDA:1,_ZN43LogicToolDeepTest_EvaluateFullCoverage_TestD0Ev
FNDA:1,_ZN43LogicToolDeepTest_GetVariablesCoverage_TestD2Ev
FNDA:1,_ZN43LogicToolDeepTest_ParserBranchCoverage_TestC2Ev
FNDA:1,_ZN39LogicToolDeepTest_ParserExceptions_Test8TestBodyEv
FNDA:1,_ZN41LogicToolDeepTest_EvaluateUnknownVar_Test8TestBodyEv
FNF:27
FNH:27
DA:10,6
DA:11,6
DA:12,1
DA:13,1
DA:15,6
DA:18,7
DA:20,14
DA:21,0
DA:22,7
DA:23,7
DA:24,7
DA:44,4
DA:46,1
DA:47,1
DA:48,1
DA:49,1
DA:52,1
DA:53,1
DA:54,1
DA:56,1
DA:57,1
DA:59,4
DA:60,1
DA:61,1
DA:62,1
DA:63,1
DA:64,1
DA:65,1
DA:66,1
DA:67,1
DA:71,4
DA:72,3
DA:75,10
DA:76,10
DA:77,10
DA:78,10
DA:79,11
DA:81,1
DA:82,1
DA:83,1
DA:84,1
DA:85,1
DA:86,1
DA:87,1
DA:88,1
DA:89,1
DA:90,1
DA:93,1
DA:94,5
DA:96,4
DA:97,2
DA:98,1
DA:100,1
DA:101,0
DA:102,1
DA:103,1
DA:104,1
DA:105,3
DA:109,4
DA:110,6
DA:112,1
DA:113,1
DA:114,1
DA:115,1
DA:118,4
DA:119,1
DA:120,1
DA:121,1
DA:122,4
DA:124,4
DA:126,1
DA:127,1
LF:72
LH:70
end_of_record
