TN:
SF:/home/brew/gti/learn/sem4/lois/lab1/src/logictool.cpp
FN:4,_ZN9LogicTool7isSpaceEc
FN:5,_ZN9LogicTool7isAlphaEc
FN:6,_ZN9LogicTool7isAlnumEc
FN:8,_ZN9LogicTool7prepareENSt7__cxx1112basic_stringIcSt11char_traitsIcESaIcEEE
FN:16,_ZN9LogicTool9buildTreeENSt7__cxx1112basic_stringIcSt11char_traitsIcESaIcEEE
FN:29,_ZN9LogicTool12parseFormulaEv
FN:69,_ZN9LogicTool8evaluateEP4NodePK6VarEnvi
FN:87,_ZN9LogicTool10deleteTreeEP4Node
FN:94,_ZN9LogicTool12getVariablesERKNSt7__cxx1112basic_stringIcSt11char_traitsIcESaIcEEEPS5_i
FNDA:63,_ZN9LogicTool7isAlnumEc
FNDA:49,_ZN9LogicTool8evaluateEP4NodePK6VarEnvi
FNDA:108,_ZN9LogicTool7isAlphaEc
FNDA:19,_ZN9LogicTool7prepareENSt7__cxx1112basic_stringIcSt11char_traitsIcESaIcEEE
FNDA:3,_ZN9LogicTool12getVariablesERKNSt7__cxx1112basic_stringIcSt11char_traitsIcESaIcEEEPS5_i
FNDA:130,_ZN9LogicTool7isSpaceEc
FNDA:53,_ZN9LogicTool10deleteTreeEP4Node
FNDA:16,_ZN9LogicTool9buildTreeENSt7__cxx1112basic_stringIcSt11char_traitsIcESaIcEEE
FNDA:36,_ZN9LogicTool12parseFormulaEv
FNF:9
FNH:9
DA:4,130
DA:5,108
DA:6,63
DA:8,19
DA:9,19
DA:10,149
DA:11,130
DA:13,19
DA:14,0
DA:16,16
DA:17,16
DA:18,16
DA:19,16
DA:21,14
DA:23,9
DA:24,2
DA:26,7
DA:29,36
DA:30,36
DA:32,35
DA:33,2
DA:34,2
DA:37,33
DA:38,11
DA:39,11
DA:41,11
DA:42,11
DA:43,5
DA:44,4
DA:45,3
DA:46,2
DA:48,9
DA:50,8
DA:51,1
DA:53,7
DA:55,7
DA:56,11
DA:58,22
DA:59,21
DA:60,43
DA:61,22
DA:63,21
DA:64,21
DA:66,1
DA:69,49
DA:70,49
DA:71,49
DA:72,49
DA:73,45
DA:74,41
DA:75,37
DA:76,32
DA:79,41
DA:80,40
DA:81,29
DA:84,1
DA:85,49
DA:87,53
DA:88,53
DA:89,20
DA:90,20
DA:91,20
DA:94,3
DA:95,3
DA:96,3
DA:97,26
DA:98,23
DA:99,7
DA:100,23
DA:101,16
DA:105,7
DA:106,11
DA:107,5
DA:108,1
DA:109,1
DA:113,7
DA:114,5
DA:116,7
DA:117,7
DA:119,3
DA:120,3
LF:81
LH:80
end_of_record
TN:
SF:/home/brew/gti/learn/sem4/lois/lab1/src/node.h
FN:10,_ZN4NodeC2ENSt7__cxx1112basic_stringIcSt11char_traitsIcESaIcEEE
FN:11,_ZN4NodeC2ENSt7__cxx1112basic_stringIcSt11char_traitsIcESaIcEEEPS_S6_
FNDA:8,_ZN4NodeC2ENSt7__cxx1112basic_stringIcSt11char_traitsIcESaIcEEEPS_S6_
FNDA:21,_ZN4NodeC2ENSt7__cxx1112basic_stringIcSt11char_traitsIcESaIcEEE
FNF:2
FNH:2
DA:10,21
DA:11,8
LF:2
LH:2
end_of_record
TN:
SF:/home/brew/gti/learn/sem4/lois/lab1/tests/test_logictool.cpp
FN:12,_ZN13LogicToolTest8TearDownEv
FN:22,_ZN38LogicToolTest_GetVariables_Single_TestD0Ev
FN:22,_ZN38LogicToolTest_GetVariables_Single_TestD2Ev
FN:22,_ZN38LogicToolTest_GetVariables_Single_Test8TestBodyEv
FN:22,_ZN38LogicToolTest_GetVariables_Single_TestC2Ev
FN:29,_ZN59LogicToolTest_GetVariables_MultipleUniqueAndDuplicates_TestD2Ev
FN:29,_ZN59LogicToolTest_GetVariables_MultipleUniqueAndDuplicates_TestC2Ev
FN:29,_ZN59LogicToolTest_GetVariables_MultipleUniqueAndDuplicates_Test8TestBodyEv
FN:29,_ZN59LogicToolTest_GetVariables_MultipleUniqueAndDuplicates_TestD0Ev
FN:38,_ZN40LogicToolTest_GetVariables_MaxLimit_TestC2Ev
FN:38,_ZN40LogicToolTest_GetVariables_MaxLimit_TestD2Ev
FN:38,_ZN40LogicToolTest_GetVariables_MaxLimit_TestD0Ev
FN:38,_ZN40LogicToolTest_GetVariables_MaxLimit_Test8TestBodyEv
FN:51,_ZN46LogicToolTest_BuildTree_WhitespaceIgnored_TestC2Ev
FN:51,_ZN46LogicToolTest_BuildTree_WhitespaceIgnored_Test8TestBodyEv
FN:51,_ZN46LogicToolTest_BuildTree_WhitespaceIgnored_TestD2Ev
FN:51,_ZN46LogicToolTest_BuildTree_WhitespaceIgnored_TestD0Ev
FN:58,_ZN39LogicToolTest_BuildTree_Exceptions_Test8TestBodyEv
FN:58,_ZN39LogicToolTest_BuildTree_Exceptions_TestC2Ev
FN:58,_ZN39LogicToolTest_BuildTree_Exceptions_TestD2Ev
FN:58,_ZN39LogicToolTest_BuildTree_Exceptions_TestD0Ev
FN:74,_ZN31LogicToolTest_Evaluate_Not_TestD2Ev
FN:74,_ZN31LogicToolTest_Evaluate_Not_TestD0Ev
FN:74,_ZN31LogicToolTest_Evaluate_Not_Test8TestBodyEv
FN:74,_ZN31LogicToolTest_Evaluate_Not_TestC2Ev
FN:82,_ZN31LogicToolTest_Evaluate_And_TestC2Ev
FN:82,_ZN31LogicToolTest_Evaluate_And_TestD0Ev
FN:82,_ZN31LogicToolTest_Evaluate_And_Test8TestBodyEv
FN:82,_ZN31LogicToolTest_Evaluate_And_TestD2Ev
FN:90,_ZN30LogicToolTest_Evaluate_Or_TestD2Ev
FN:90,_ZN30LogicToolTest_Evaluate_Or_TestC2Ev
FN:90,_ZN30LogicToolTest_Evaluate_Or_TestD0Ev
FN:90,_ZN30LogicToolTest_Evaluate_Or_Test8TestBodyEv
FN:98,_ZN33LogicToolTest_Evaluate_Imply_TestC2Ev
FN:98,_ZN33LogicToolTest_Evaluate_Imply_TestD0Ev
FN:98,_ZN33LogicToolTest_Evaluate_Imply_Test8TestBodyEv
FN:98,_ZN33LogicToolTest_Evaluate_Imply_TestD2Ev
FN:106,_ZN33LogicToolTest_Evaluate_Equiv_TestC2Ev
FN:106,_ZN33LogicToolTest_Evaluate_Equiv_TestD0Ev
FN:106,_ZN33LogicToolTest_Evaluate_Equiv_Test8TestBodyEv
FN:106,_ZN33LogicToolTest_Evaluate_Equiv_TestD2Ev
FN:114,_ZN49LogicToolTest_Evaluate_UnknownVariableThrows_Test8TestBodyEv
FN:114,_ZN49LogicToolTest_Evaluate_UnknownVariableThrows_TestD2Ev
FN:114,_ZN49LogicToolTest_Evaluate_UnknownVariableThrows_TestC2Ev
FN:114,_ZN49LogicToolTest_Evaluate_UnknownVariableThrows_TestD0Ev
FN:125,_ZN37LogicToolTest_DeleteTree_Nullptr_Test8TestBodyEv
FN:125,_ZN37LogicToolTest_DeleteTree_Nullptr_TestD2Ev
FN:125,_ZN37LogicToolTest_DeleteTree_Nullptr_TestC2Ev
FN:125,_ZN37LogicToolTest_DeleteTree_Nullptr_TestD0Ev
FN:131,main
FNDA:1,_ZN31LogicToolTest_Evaluate_Not_Test8TestBodyEv
FNDA:1,_ZN30LogicToolTest_Evaluate_Or_TestC2Ev
FNDA:1,_ZN31LogicToolTest_Evaluate_Not_TestC2Ev
FNDA:1,_ZN30LogicToolTest_Evaluate_Or_TestD0Ev
FNDA:1,_ZN33LogicToolTest_Evaluate_Equiv_Test8TestBodyEv
FNDA:1,_ZN46LogicToolTest_BuildTree_WhitespaceIgnored_TestD2Ev
FNDA:1,_ZN46LogicToolTest_BuildTree_WhitespaceIgnored_TestD0Ev
FNDA:1,_ZN37LogicToolTest_DeleteTree_Nullptr_TestC2Ev
FNDA:1,_ZN38LogicToolTest_GetVariables_Single_TestC2Ev
FNDA:1,_ZN33LogicToolTest_Evaluate_Imply_Test8TestBodyEv
FNDA:1,_ZN40LogicToolTest_GetVariables_MaxLimit_Test8TestBodyEv
FNDA:12,_ZN13LogicToolTest8TearDownEv
FNDA:1,_ZN40LogicToolTest_GetVariables_MaxLimit_TestD0Ev
FNDA:1,_ZN49LogicToolTest_Evaluate_UnknownVariableThrows_TestD2Ev
FNDA:1,_ZN31LogicToolTest_Evaluate_And_TestD2Ev
FNDA:1,_ZN37LogicToolTest_DeleteTree_Nullptr_TestD0Ev
FNDA:1,_ZN33LogicToolTest_Evaluate_Equiv_TestD2Ev
FNDA:1,_ZN49LogicToolTest_Evaluate_UnknownVariableThrows_TestD0Ev
FNDA:1,_ZN33LogicToolTest_Evaluate_Imply_TestD2Ev
FNDA:1,_ZN49LogicToolTest_Evaluate_UnknownVariableThrows_TestC2Ev
FNDA:1,_ZN30LogicToolTest_Evaluate_Or_Test8TestBodyEv
FNDA:1,_ZN59LogicToolTest_GetVariables_MultipleUniqueAndDuplicates_TestD2Ev
FNDA:1,_ZN46LogicToolTest_BuildTree_WhitespaceIgnored_TestC2Ev
FNDA:1,_ZN31LogicToolTest_Evaluate_And_TestD0Ev
FNDA:1,_ZN31LogicToolTest_Evaluate_And_TestC2Ev
FNDA:1,_ZN49LogicToolTest_Evaluate_UnknownVariableThrows_Test8TestBodyEv
FNDA:1,_ZN33LogicToolTest_Evaluate_Imply_TestC2Ev
FNDA:1,_ZN39LogicToolTest_BuildTree_Exceptions_Test8TestBodyEv
FNDA:1,_ZN31LogicToolTest_Evaluate_Not_TestD2Ev
FNDA:1,_ZN40LogicToolTest_GetVariables_MaxLimit_TestC2Ev
FNDA:1,_ZN37LogicToolTest_DeleteTree_Nullptr_Test8TestBodyEv
FNDA:1,_ZN38LogicToolTest_GetVariables_Single_TestD0Ev
FNDA:1,_ZN39LogicToolTest_BuildTree_Exceptions_TestD2Ev
FNDA:1,_ZN38LogicToolTest_GetVariables_Single_TestD2Ev
FNDA:1,_ZN59LogicToolTest_GetVariables_MultipleUniqueAndDuplicates_TestC2Ev
FNDA:1,_ZN38LogicToolTest_GetVariables_Single_Test8TestBodyEv
FNDA:1,_ZN39LogicToolTest_BuildTree_Exceptions_TestC2Ev
FNDA:1,_ZN40LogicToolTest_GetVariables_MaxLimit_TestD2Ev
FNDA:1,_ZN37LogicToolTest_DeleteTree_Nullptr_TestD2Ev
FNDA:1,_ZN33LogicToolTest_Evaluate_Equiv_TestC2Ev
FNDA:1,_ZN33LogicToolTest_Evaluate_Equiv_TestD0Ev
FNDA:1,_ZN59LogicToolTest_GetVariables_MultipleUniqueAndDuplicates_TestD0Ev
FNDA:1,_ZN46LogicToolTest_BuildTree_WhitespaceIgnored_Test8TestBodyEv
FNDA:1,_ZN39LogicToolTest_BuildTree_Exceptions_TestD0Ev
FNDA:1,_ZN33LogicToolTest_Evaluate_Imply_TestD0Ev
FNDA:1,_ZN59LogicToolTest_GetVariables_MultipleUniqueAndDuplicates_Test8TestBodyEv
FNDA:1,main
FNDA:1,_ZN31LogicToolTest_Evaluate_And_Test8TestBodyEv
FNDA:1,_ZN31LogicToolTest_Evaluate_Not_TestD0Ev
FNDA:1,_ZN30LogicToolTest_Evaluate_Or_TestD2Ev
FNF:50
FNH:50
DA:12,12
DA:13,12
DA:14,12
DA:15,12
DA:22,4
DA:23,12
DA:24,1
DA:25,1
DA:26,1
DA:27,7
DA:29,4
DA:30,22
DA:32,1
DA:33,1
DA:34,1
DA:35,1
DA:36,12
DA:38,4
DA:39,6
DA:41,1
DA:42,1
DA:43,1
DA:44,1
DA:45,4
DA:51,4
DA:52,1
DA:53,1
DA:54,1
DA:55,1
DA:58,4
DA:59,3
DA:60,3
DA:61,3
DA:62,3
DA:63,3
DA:64,3
DA:65,3
DA:66,3
DA:67,3
DA:68,1
DA:74,4
DA:75,1
DA:76,1
DA:77,1
DA:78,1
DA:79,1
DA:80,5
DA:82,4
DA:83,1
DA:84,3
DA:85,3
DA:86,3
DA:87,3
DA:88,13
DA:90,4
DA:91,1
DA:92,3
DA:93,3
DA:94,3
DA:95,3
DA:96,13
DA:98,4
DA:99,1
DA:100,3
DA:101,3
DA:102,3
DA:103,3
DA:104,13
DA:106,4
DA:107,1
DA:108,3
DA:109,3
DA:110,3
DA:111,3
DA:112,13
DA:114,4
DA:115,1
DA:117,1
DA:118,1
DA:119,3
DA:125,4
DA:127,1
DA:128,1
DA:131,1
DA:132,1
DA:133,1
LF:86
LH:86
end_of_record
TN:
SF:/usr/include/c++/12/bits/alloc_traits.h
FN:562,_ZNSt16allocator_traitsISaIcEE37select_on_container_copy_constructionERKS0_
FNDA:1,_ZNSt16allocator_traitsISaIcEE37select_on_container_copy_constructionERKS0_
FNF:1
FNH:1
DA:562,1
DA:563,1
LF:2
LH:2
end_of_record
TN:
SF:/usr/include/c++/12/bits/basic_string.h
FN:634,_ZNSt7__cxx1112basic_stringIcSt11char_traitsIcESaIcEEC2IS3_EEPKcRKS3_
FN:3584,_ZSteqIcEN9__gnu_cxx11__enable_ifIXsrSt9__is_charIT_E7__valueEbE6__typeERKNSt7__cxx1112basic_stringIS3_St11char_traitsIS3_ESaIS3_EEESE_
FN:3599,_ZSteqIcSt11char_traitsIcESaIcEEbRKNSt7__cxx1112basic_stringIT_T0_T1_EEPKS5_
FNDA:134,_ZNSt7__cxx1112basic_stringIcSt11char_traitsIcESaIcEEC2IS3_EEPKcRKS3_
FNDA:45,_ZSteqIcEN9__gnu_cxx11__enable_ifIXsrSt9__is_charIT_E7__valueEbE6__typeERKNSt7__cxx1112basic_stringIS3_St11char_traitsIS3_ESaIS3_EEESE_
FNDA:227,_ZSteqIcSt11char_traitsIcESaIcEEbRKNSt7__cxx1112basic_stringIT_T0_T1_EEPKS5_
FNF:3
FNH:3
DA:358,128
DA:634,134
DA:635,134
DA:638,134
DA:639,0
DA:641,134
DA:642,134
DA:643,134
DA:3584,45
DA:3586,45
DA:3587,45
DA:3588,45
DA:3599,227
DA:3601,227
LF:14
LH:13
end_of_record
TN:
SF:/usr/include/c++/12/bits/basic_string.tcc
FN:217,_ZNSt7__cxx1112basic_stringIcSt11char_traitsIcESaIcEE12_M_constructIPcEEvT_S7_St20forward_iterator_tag
FN:217,_ZNSt7__cxx1112basic_stringIcSt11char_traitsIcESaIcEE12_M_constructIPKcEEvT_S8_St20forward_iterator_tag
FN:235,_ZZNSt7__cxx1112basic_stringIcSt11char_traitsIcESaIcEE12_M_constructIPKcEEvT_S8_St20forward_iterator_tagEN6_GuardC2EPS4_
FN:235,_ZZNSt7__cxx1112basic_stringIcSt11char_traitsIcESaIcEE12_M_constructIPcEEvT_S7_St20forward_iterator_tagEN6_GuardC2EPS4_
FN:238,_ZZNSt7__cxx1112basic_stringIcSt11char_traitsIcESaIcEE12_M_constructIPcEEvT_S7_St20forward_iterator_tagEN6_GuardD2Ev
FN:238,_ZZNSt7__cxx1112basic_stringIcSt11char_traitsIcESaIcEE12_M_constructIPKcEEvT_S8_St20forward_iterator_tagEN6_GuardD2Ev
FN:606,_ZStplIcSt11char_traitsIcESaIcEENSt7__cxx1112basic_stringIT_T0_T1_EEPKS5_RKS8_
FNDA:151,_ZZNSt7__cxx1112basic_stringIcSt11char_traitsIcESaIcEE12_M_constructIPKcEEvT_S8_St20forward_iterator_tagEN6_GuardC2EPS4_
FNDA:0,_ZNSt7__cxx1112basic_stringIcSt11char_traitsIcESaIcEE12_M_constructIPcEEvT_S7_St20forward_iterator_tag
FNDA:0,_ZZNSt7__cxx1112basic_stringIcSt11char_traitsIcESaIcEE12_M_constructIPcEEvT_S7_St20forward_iterator_tagEN6_GuardD2Ev
FNDA:1,_ZStplIcSt11char_traitsIcESaIcEENSt7__cxx1112basic_stringIT_T0_T1_EEPKS5_RKS8_
FNDA:0,_ZZNSt7__cxx1112basic_stringIcSt11char_traitsIcESaIcEE12_M_constructIPcEEvT_S7_St20forward_iterator_tagEN6_GuardC2EPS4_
FNDA:151,_ZZNSt7__cxx1112basic_stringIcSt11char_traitsIcESaIcEE12_M_constructIPKcEEvT_S8_St20forward_iterator_tagEN6_GuardD2Ev
FNDA:151,_ZNSt7__cxx1112basic_stringIcSt11char_traitsIcESaIcEE12_M_constructIPKcEEvT_S8_St20forward_iterator_tag
FNF:7
FNH:4
DA:217,151
DA:221,151
DA:223,151
DA:225,23
DA:226,23
DA:235,151
DA:238,151
DA:241,151
DA:243,151
DA:245,151
DA:247,151
DA:248,151
DA:606,1
DA:615,1
DA:616,1
DA:618,1
DA:619,1
DA:620,1
DA:621,1
DA:622,0
LF:20
LH:19
end_of_record
TN:
SF:/usr/include/c++/12/bits/char_traits.h
FN:121,_ZN9__gnu_cxx11char_traitsIcE2eqERKcS3_
FN:182,_ZN9__gnu_cxx11char_traitsIcE6lengthEPKc
FN:362,_ZNSt11char_traitsIcE2ltERKcS2_
FN:370,_ZNSt11char_traitsIcE7compareEPKcS2_m
FN:389,_ZNSt11char_traitsIcE6lengthEPKc
FN:423,_ZNSt11char_traitsIcE4copyEPcPKcm
FNDA:0,_ZN9__gnu_cxx11char_traitsIcE2eqERKcS3_
FNDA:45,_ZNSt11char_traitsIcE7compareEPKcS2_m
FNDA:0,_ZN9__gnu_cxx11char_traitsIcE6lengthEPKc
FNDA:0,_ZNSt11char_traitsIcE2ltERKcS2_
FNDA:135,_ZNSt11char_traitsIcE6lengthEPKc
FNDA:0,_ZNSt11char_traitsIcE4copyEPcPKcm
FNF:6
FNH:2
DA:121,0
DA:122,0
DA:182,0
DA:185,0
DA:186,0
DA:187,0
DA:188,0
DA:362,0
DA:365,0
DA:366,0
DA:370,45
DA:372,45
DA:373,0
DA:375,45
DA:377,0
DA:378,0
DA:379,0
DA:380,0
DA:381,0
DA:382,0
DA:385,45
DA:389,135
DA:392,135
DA:393,0
DA:395,135
DA:423,0
DA:425,0
DA:426,0
DA:431,0
LF:29
LH:7
end_of_record
TN:
SF:/usr/include/c++/12/bits/move.h
FN:104,_ZSt4moveIRPNSt7__cxx1118basic_stringstreamIcSt11char_traitsIcESaIcEEEEONSt16remove_referenceIT_E4typeEOS9_
FN:104,_ZSt4moveIRPNSt7__cxx1112basic_stringIcSt11char_traitsIcESaIcEEEEONSt16remove_referenceIT_E4typeEOS9_
FN:104,_ZSt4moveIRSaIcEEONSt16remove_referenceIT_E4typeEOS3_
FNDA:0,_ZSt4moveIRPNSt7__cxx1118basic_stringstreamIcSt11char_traitsIcESaIcEEEEONSt16remove_referenceIT_E4typeEOS9_
FNDA:0,_ZSt4moveIRPNSt7__cxx1112basic_stringIcSt11char_traitsIcESaIcEEEEONSt16remove_referenceIT_E4typeEOS9_
FNDA:0,_ZSt4moveIRSaIcEEONSt16remove_referenceIT_E4typeEOS3_
FNF:3
FNH:0
DA:104,0
DA:105,0
LF:2
LH:0
end_of_record
TN:
SF:/usr/include/c++/12/bits/new_allocator.h
FN:80,_ZNSt15__new_allocatorIcEC2Ev
FN:83,_ZNSt15__new_allocatorIcEC2ERKS0_
FN:90,_ZNSt15__new_allocatorIcED2Ev
FNDA:0,_ZNSt15__new_allocatorIcEC2ERKS0_
FNDA:0,_ZNSt15__new_allocatorIcEC2Ev
FNDA:0,_ZNSt15__new_allocatorIcED2Ev
FNF:3
FNH:0
DA:80,0
DA:83,0
DA:90,0
LF:3
LH:0
end_of_record
TN:
SF:/usr/include/c++/12/bits/stl_iterator_base_funcs.h
FN:99,_ZSt10__distanceIPcENSt15iterator_traitsIT_E15difference_typeES2_S2_St26random_access_iterator_tag
FN:99,_ZSt10__distanceIPKcENSt15iterator_traitsIT_E15difference_typeES3_S3_St26random_access_iterator_tag
FN:147,_ZSt8distanceIPcENSt15iterator_traitsIT_E15difference_typeES2_S2_
FN:147,_ZSt8distanceIPKcENSt15iterator_traitsIT_E15difference_typeES3_S3_
FNDA:0,_ZSt10__distanceIPcENSt15iterator_traitsIT_E15difference_typeES2_S2_St26random_access_iterator_tag
FNDA:0,_ZSt8distanceIPcENSt15iterator_traitsIT_E15difference_typeES2_S2_
FNDA:151,_ZSt10__distanceIPKcENSt15iterator_traitsIT_E15difference_typeES3_S3_St26random_access_iterator_tag
FNDA:151,_ZSt8distanceIPKcENSt15iterator_traitsIT_E15difference_typeES3_S3_
FNF:4
FNH:2
DA:99,151
DA:105,151
DA:147,151
DA:150,151
DA:151,302
LF:5
LH:5
end_of_record
TN:
SF:/usr/include/c++/12/bits/stl_iterator_base_types.h
FN:238,_ZSt19__iterator_categoryIPcENSt15iterator_traitsIT_E17iterator_categoryERKS2_
FN:238,_ZSt19__iterator_categoryIPKcENSt15iterator_traitsIT_E17iterator_categoryERKS3_
FNDA:0,_ZSt19__iterator_categoryIPcENSt15iterator_traitsIT_E17iterator_categoryERKS2_
FNDA:151,_ZSt19__iterator_categoryIPKcENSt15iterator_traitsIT_E17iterator_categoryERKS3_
FNF:2
FNH:1
DA:238,151
DA:239,151
LF:2
LH:2
end_of_record
TN:
SF:/usr/include/c++/12/bits/unique_ptr.h
FN:89,_ZNKSt14default_deleteINSt7__cxx1112basic_stringIcSt11char_traitsIcESaIcEEEEclEPS5_
FN:89,_ZNKSt14default_deleteINSt7__cxx1118basic_stringstreamIcSt11char_traitsIcESaIcEEEEclEPS5_
FN:166,_ZNSt15__uniq_ptr_implINSt7__cxx1112basic_stringIcSt11char_traitsIcESaIcEEESt14default_deleteIS5_EEC2Ev
FN:189,_ZNSt15__uniq_ptr_implINSt7__cxx1112basic_stringIcSt11char_traitsIcESaIcEEESt14default_deleteIS5_EE6_M_ptrEv
FN:189,_ZNSt15__uniq_ptr_implINSt7__cxx1118basic_stringstreamIcSt11char_traitsIcESaIcEEESt14default_deleteIS5_EE6_M_ptrEv
FN:191,_ZNKSt15__uniq_ptr_implINSt7__cxx1118basic_stringstreamIcSt11char_traitsIcESaIcEEESt14default_deleteIS5_EE6_M_ptrEv
FN:191,_ZNKSt15__uniq_ptr_implINSt7__cxx1112basic_stringIcSt11char_traitsIcESaIcEEESt14default_deleteIS5_EE6_M_ptrEv
FN:193,_ZNSt15__uniq_ptr_implINSt7__cxx1118basic_stringstreamIcSt11char_traitsIcESaIcEEESt14default_deleteIS5_EE10_M_deleterEv
FN:193,_ZNSt15__uniq_ptr_implINSt7__cxx1112basic_stringIcSt11char_traitsIcESaIcEEESt14default_deleteIS5_EE10_M_deleterEv
FN:198,_ZNSt15__uniq_ptr_implINSt7__cxx1112basic_stringIcSt11char_traitsIcESaIcEEESt14default_deleteIS5_EE5resetEPS5_
FN:296,_ZNSt10unique_ptrINSt7__cxx1112basic_stringIcSt11char_traitsIcESaIcEEESt14default_deleteIS5_EEC2IS7_vEEv
FN:390,_ZNSt10unique_ptrINSt7__cxx1112basic_stringIcSt11char_traitsIcESaIcEEESt14default_deleteIS5_EED2Ev
FN:390,_ZNSt10unique_ptrINSt7__cxx1118basic_stringstreamIcSt11char_traitsIcESaIcEEESt14default_deleteIS5_EED2Ev
FN:443,_ZNKSt10unique_ptrINSt7__cxx1118basic_stringstreamIcSt11char_traitsIcESaIcEEESt14default_deleteIS5_EEdeEv
FN:452,_ZNKSt10unique_ptrINSt7__cxx1112basic_stringIcSt11char_traitsIcESaIcEEESt14default_deleteIS5_EEptEv
FN:461,_ZNKSt10unique_ptrINSt7__cxx1112basic_stringIcSt11char_traitsIcESaIcEEESt14default_deleteIS5_EE3getEv
FN:461,_ZNKSt10unique_ptrINSt7__cxx1118basic_stringstreamIcSt11char_traitsIcESaIcEEESt14default_deleteIS5_EE3getEv
FN:467,_ZNSt10unique_ptrINSt7__cxx1118basic_stringstreamIcSt11char_traitsIcESaIcEEESt14default_deleteIS5_EE11get_deleterEv
FN:467,_ZNSt10unique_ptrINSt7__cxx1112basic_stringIcSt11char_traitsIcESaIcEEESt14default_deleteIS5_EE11get_deleterEv
FN:497,_ZNSt10unique_ptrINSt7__cxx1112basic_stringIcSt11char_traitsIcESaIcEEESt14default_deleteIS5_EE5resetEPS5_
FNDA:0,_ZNSt10unique_ptrINSt7__cxx1118basic_stringstreamIcSt11char_traitsIcESaIcEEESt14default_deleteIS5_EE11get_deleterEv
FNDA:0,_ZNKSt10unique_ptrINSt7__cxx1118basic_stringstreamIcSt11char_traitsIcESaIcEEESt14default_deleteIS5_EE3getEv
FNDA:0,_ZNSt10unique_ptrINSt7__cxx1118basic_stringstreamIcSt11char_traitsIcESaIcEEESt14default_deleteIS5_EED2Ev
FNDA:0,_ZNKSt10unique_ptrINSt7__cxx1112basic_stringIcSt11char_traitsIcESaIcEEESt14default_deleteIS5_EE3getEv
FNDA:28,_ZNSt15__uniq_ptr_implINSt7__cxx1112basic_stringIcSt11char_traitsIcESaIcEEESt14default_deleteIS5_EE6_M_ptrEv
FNDA:0,_ZNSt15__uniq_ptr_implINSt7__cxx1112basic_stringIcSt11char_traitsIcESaIcEEESt14default_deleteIS5_EE5resetEPS5_
FNDA:0,_ZNKSt15__uniq_ptr_implINSt7__cxx1118basic_stringstreamIcSt11char_traitsIcESaIcEEESt14default_deleteIS5_EE6_M_ptrEv
FNDA:0,_ZNKSt14default_deleteINSt7__cxx1112basic_stringIcSt11char_traitsIcESaIcEEEEclEPS5_
FNDA:18,_ZNSt15__uniq_ptr_implINSt7__cxx1112basic_stringIcSt11char_traitsIcESaIcEEESt14default_deleteIS5_EEC2Ev
FNDA:0,_ZNKSt10unique_ptrINSt7__cxx1118basic_stringstreamIcSt11char_traitsIcESaIcEEESt14default_deleteIS5_EEdeEv
FNDA:28,_ZNSt10unique_ptrINSt7__cxx1112basic_stringIcSt11char_traitsIcESaIcEEESt14default_deleteIS5_EED2Ev
FNDA:0,_ZNSt15__uniq_ptr_implINSt7__cxx1118basic_stringstreamIcSt11char_traitsIcESaIcEEESt14default_deleteIS5_EE6_M_ptrEv
FNDA:18,_ZNSt10unique_ptrINSt7__cxx1112basic_stringIcSt11char_traitsIcESaIcEEESt14default_deleteIS5_EEC2IS7_vEEv
FNDA:0,_ZNKSt15__uniq_ptr_implINSt7__cxx1112basic_stringIcSt11char_traitsIcESaIcEEESt14default_deleteIS5_EE6_M_ptrEv
FNDA:0,_ZNKSt14default_deleteINSt7__cxx1118basic_stringstreamIcSt11char_traitsIcESaIcEEEEclEPS5_
FNDA:0,_ZNSt15__uniq_ptr_implINSt7__cxx1112basic_stringIcSt11char_traitsIcESaIcEEESt14default_deleteIS5_EE10_M_deleterEv
FNDA:0,_ZNSt10unique_ptrINSt7__cxx1112basic_stringIcSt11char_traitsIcESaIcEEESt14default_deleteIS5_EE11get_deleterEv
FNDA:0,_ZNSt10unique_ptrINSt7__cxx1112basic_stringIcSt11char_traitsIcESaIcEEESt14default_deleteIS5_EE5resetEPS5_
FNDA:0,_ZNSt15__uniq_ptr_implINSt7__cxx1118basic_stringstreamIcSt11char_traitsIcESaIcEEESt14default_deleteIS5_EE10_M_deleterEv
FNDA:0,_ZNKSt10unique_ptrINSt7__cxx1112basic_stringIcSt11char_traitsIcESaIcEEESt14default_deleteIS5_EEptEv
FNF:20
FNH:4
DA:89,0
DA:95,0
DA:96,0
DA:166,18
DA:189,28
DA:191,0
DA:193,0
DA:198,0
DA:200,0
DA:201,0
DA:202,0
DA:203,0
DA:204,0
DA:296,18
DA:297,18
DA:298,18
DA:390,28
DA:394,28
DA:395,28
DA:396,0
DA:397,28
DA:398,28
DA:443,0
DA:445,0
DA:446,0
DA:452,0
DA:455,0
DA:461,0
DA:462,0
DA:467,0
DA:468,0
DA:497,0
DA:501,0
DA:502,0
LF:34
LH:10
end_of_record
TN:
SF:/usr/include/c++/12/ext/alloc_traits.h
FN:97,_ZN9__gnu_cxx14__alloc_traitsISaIcEcE17_S_select_on_copyERKS1_
FNDA:1,_ZN9__gnu_cxx14__alloc_traitsISaIcEcE17_S_select_on_copyERKS1_
FNF:1
FNH:1
DA:97,1
DA:98,1
LF:2
LH:2
end_of_record
TN:
SF:/usr/include/c++/12/tuple
FN:80,_ZNSt10_Head_baseILm1ESt14default_deleteINSt7__cxx1112basic_stringIcSt11char_traitsIcESaIcEEEELb1EEC2Ev
FN:124,_ZNSt10_Head_baseILm1ESt14default_deleteINSt7__cxx1118basic_stringstreamIcSt11char_traitsIcESaIcEEEELb1EE7_M_headERS8_
FN:124,_ZNSt10_Head_baseILm1ESt14default_deleteINSt7__cxx1112basic_stringIcSt11char_traitsIcESaIcEEEELb1EE7_M_headERS8_
FN:189,_ZNSt10_Head_baseILm0EPNSt7__cxx1112basic_stringIcSt11char_traitsIcESaIcEEELb0EEC2Ev
FN:233,_ZNSt10_Head_baseILm0EPNSt7__cxx1118basic_stringstreamIcSt11char_traitsIcESaIcEEELb0EE7_M_headERS7_
FN:233,_ZNSt10_Head_baseILm0EPNSt7__cxx1112basic_stringIcSt11char_traitsIcESaIcEEELb0EE7_M_headERS7_
FN:236,_ZNSt10_Head_baseILm0EPNSt7__cxx1118basic_stringstreamIcSt11char_traitsIcESaIcEEELb0EE7_M_headERKS7_
FN:236,_ZNSt10_Head_baseILm0EPNSt7__cxx1112basic_stringIcSt11char_traitsIcESaIcEEELb0EE7_M_headERKS7_
FN:268,_ZNSt11_Tuple_implILm0EJPNSt7__cxx1112basic_stringIcSt11char_traitsIcESaIcEEESt14default_deleteIS5_EEE7_M_headERS9_
FN:268,_ZNSt11_Tuple_implILm0EJPNSt7__cxx1118basic_stringstreamIcSt11char_traitsIcESaIcEEESt14default_deleteIS5_EEE7_M_headERS9_
FN:271,_ZNSt11_Tuple_implILm0EJPNSt7__cxx1112basic_stringIcSt11char_traitsIcESaIcEEESt14default_deleteIS5_EEE7_M_headERKS9_
FN:271,_ZNSt11_Tuple_implILm0EJPNSt7__cxx1118basic_stringstreamIcSt11char_traitsIcESaIcEEESt14default_deleteIS5_EEE7_M_headERKS9_
FN:279,_ZNSt11_Tuple_implILm0EJPNSt7__cxx1112basic_stringIcSt11char_traitsIcESaIcEEESt14default_deleteIS5_EEEC2Ev
FN:424,_ZNSt11_Tuple_implILm1EJSt14default_deleteINSt7__cxx1118basic_stringstreamIcSt11char_traitsIcESaIcEEEEEE7_M_headERS8_
FN:424,_ZNSt11_Tuple_implILm1EJSt14default_deleteINSt7__cxx1112basic_stringIcSt11char_traitsIcESaIcEEEEEE7_M_headERS8_
FN:430,_ZNSt11_Tuple_implILm1EJSt14default_deleteINSt7__cxx1112basic_stringIcSt11char_traitsIcESaIcEEEEEEC2Ev
FN:1049,_ZNSt5tupleIJPNSt7__cxx1112basic_stringIcSt11char_traitsIcESaIcEEESt14default_deleteIS5_EEEC2ILb1ELb1EEEv
FN:1364,_ZSt12__get_helperILm0EPNSt7__cxx1118basic_stringstreamIcSt11char_traitsIcESaIcEEEJSt14default_deleteIS5_EEERT0_RSt11_Tuple_implIXT_EJS9_DpT1_EE
FN:1364,_ZSt12__get_helperILm1ESt14default_deleteINSt7__cxx1118basic_stringstreamIcSt11char_traitsIcESaIcEEEEJEERT0_RSt11_Tuple_implIXT_EJS8_DpT1_EE
FN:1364,_ZSt12__get_helperILm0EPNSt7__cxx1112basic_stringIcSt11char_traitsIcESaIcEEEJSt14default_deleteIS5_EEERT0_RSt11_Tuple_implIXT_EJS9_DpT1_EE
FN:1364,_ZSt12__get_helperILm1ESt14default_deleteINSt7__cxx1112basic_stringIcSt11char_traitsIcESaIcEEEEJEERT0_RSt11_Tuple_implIXT_EJS8_DpT1_EE
FN:1369,_ZSt12__get_helperILm0EPNSt7__cxx1118basic_stringstreamIcSt11char_traitsIcESaIcEEEJSt14default_deleteIS5_EEERKT0_RKSt11_Tuple_implIXT_EJS9_DpT1_EE
FN:1369,_ZSt12__get_helperILm0EPNSt7__cxx1112basic_stringIcSt11char_traitsIcESaIcEEEJSt14default_deleteIS5_EEERKT0_RKSt11_Tuple_implIXT_EJS9_DpT1_EE
FN:1380,_ZSt3getILm1EJPNSt7__cxx1112basic_stringIcSt11char_traitsIcESaIcEEESt14default_deleteIS5_EEERNSt13tuple_elementIXT_ESt5tupleIJDpT0_EEE4typeERSD_
FN:1380,_ZSt3getILm0EJPNSt7__cxx1112basic_stringIcSt11char_traitsIcESaIcEEESt14default_deleteIS5_EEERNSt13tuple_elementIXT_ESt5tupleIJDpT0_EEE4typeERSD_
FN:1380,_ZSt3getILm1EJPNSt7__cxx1118basic_stringstreamIcSt11char_traitsIcESaIcEEESt14default_deleteIS5_EEERNSt13tuple_elementIXT_ESt5tupleIJDpT0_EEE4typeERSD_
FN:1380,_ZSt3getILm0EJPNSt7__cxx1118basic_stringstreamIcSt11char_traitsIcESaIcEEESt14default_deleteIS5_EEERNSt13tuple_elementIXT_ESt5tupleIJDpT0_EEE4typeERSD_
FN:1386,_ZSt3getILm0EJPNSt7__cxx1118basic_stringstreamIcSt11char_traitsIcESaIcEEESt14default_deleteIS5_EEERKNSt13tuple_elementIXT_ESt5tupleIJDpT0_EEE4typeERKSD_
FN:1386,_ZSt3getILm0EJPNSt7__cxx1112basic_stringIcSt11char_traitsIcESaIcEEESt14default_deleteIS5_EEERKNSt13tuple_elementIXT_ESt5tupleIJDpT0_EEE4typeERKSD_
FNDA:0,_ZNSt11_Tuple_implILm0EJPNSt7__cxx1118basic_stringstreamIcSt11char_traitsIcESaIcEEESt14default_deleteIS5_EEE7_M_headERKS9_
FNDA:0,_ZNSt11_Tuple_implILm0EJPNSt7__cxx1112basic_stringIcSt11char_traitsIcESaIcEEESt14default_deleteIS5_EEE7_M_headERKS9_
FNDA:0,_ZSt3getILm1EJPNSt7__cxx1112basic_stringIcSt11char_traitsIcESaIcEEESt14default_deleteIS5_EEERNSt13tuple_elementIXT_ESt5tupleIJDpT0_EEE4typeERSD_
FNDA:18,_ZNSt11_Tuple_implILm1EJSt14default_deleteINSt7__cxx1112basic_stringIcSt11char_traitsIcESaIcEEEEEEC2Ev
FNDA:0,_ZSt12__get_helperILm0EPNSt7__cxx1118basic_stringstreamIcSt11char_traitsIcESaIcEEEJSt14default_deleteIS5_EEERT0_RSt11_Tuple_implIXT_EJS9_DpT1_EE
FNDA:0,_ZNSt10_Head_baseILm0EPNSt7__cxx1118basic_stringstreamIcSt11char_traitsIcESaIcEEELb0EE7_M_headERKS7_
FNDA:0,_ZNSt10_Head_baseILm0EPNSt7__cxx1118basic_stringstreamIcSt11char_traitsIcESaIcEEELb0EE7_M_headERS7_
FNDA:18,_ZNSt11_Tuple_implILm0EJPNSt7__cxx1112basic_stringIcSt11char_traitsIcESaIcEEESt14default_deleteIS5_EEEC2Ev
FNDA:0,_ZSt12__get_helperILm1ESt14default_deleteINSt7__cxx1118basic_stringstreamIcSt11char_traitsIcESaIcEEEEJEERT0_RSt11_Tuple_implIXT_EJS8_DpT1_EE
FNDA:0,_ZSt12__get_helperILm0EPNSt7__cxx1118basic_stringstreamIcSt11char_traitsIcESaIcEEEJSt14default_deleteIS5_EEERKT0_RKSt11_Tuple_implIXT_EJS9_DpT1_EE
FNDA:0,_ZNSt10_Head_baseILm0EPNSt7__cxx1112basic_stringIcSt11char_traitsIcESaIcEEELb0EE7_M_headERKS7_
FNDA:0,_ZNSt11_Tuple_implILm1EJSt14default_deleteINSt7__cxx1118basic_stringstreamIcSt11char_traitsIcESaIcEEEEEE7_M_headERS8_
FNDA:28,_ZNSt11_Tuple_implILm0EJPNSt7__cxx1112basic_stringIcSt11char_traitsIcESaIcEEESt14default_deleteIS5_EEE7_M_headERS9_
FNDA:18,_ZNSt10_Head_baseILm0EPNSt7__cxx1112basic_stringIcSt11char_traitsIcESaIcEEELb0EEC2Ev
FNDA:0,_ZSt3getILm0EJPNSt7__cxx1118basic_stringstreamIcSt11char_traitsIcESaIcEEESt14default_deleteIS5_EEERKNSt13tuple_elementIXT_ESt5tupleIJDpT0_EEE4typeERKSD_
FNDA:0,_ZSt12__get_helperILm0EPNSt7__cxx1112basic_stringIcSt11char_traitsIcESaIcEEEJSt14default_deleteIS5_EEERKT0_RKSt11_Tuple_implIXT_EJS9_DpT1_EE
FNDA:0,_ZNSt10_Head_baseILm1ESt14default_deleteINSt7__cxx1118basic_stringstreamIcSt11char_traitsIcESaIcEEEELb1EE7_M_headERS8_
FNDA:0,_ZNSt11_Tuple_implILm1EJSt14default_deleteINSt7__cxx1112basic_stringIcSt11char_traitsIcESaIcEEEEEE7_M_headERS8_
FNDA:18,_ZNSt5tupleIJPNSt7__cxx1112basic_stringIcSt11char_traitsIcESaIcEEESt14default_deleteIS5_EEEC2ILb1ELb1EEEv
FNDA:28,_ZNSt10_Head_baseILm0EPNSt7__cxx1112basic_stringIcSt11char_traitsIcESaIcEEELb0EE7_M_headERS7_
FNDA:0,_ZSt3getILm1EJPNSt7__cxx1118basic_stringstreamIcSt11char_traitsIcESaIcEEESt14default_deleteIS5_EEERNSt13tuple_elementIXT_ESt5tupleIJDpT0_EEE4typeERSD_
FNDA:28,_ZSt12__get_helperILm0EPNSt7__cxx1112basic_stringIcSt11char_traitsIcESaIcEEEJSt14default_deleteIS5_EEERT0_RSt11_Tuple_implIXT_EJS9_DpT1_EE
FNDA:28,_ZSt3getILm0EJPNSt7__cxx1112basic_stringIcSt11char_traitsIcESaIcEEESt14default_deleteIS5_EEERNSt13tuple_elementIXT_ESt5tupleIJDpT0_EEE4typeERSD_
FNDA:18,_ZNSt10_Head_baseILm1ESt14default_deleteINSt7__cxx1112basic_stringIcSt11char_traitsIcESaIcEEEELb1EEC2Ev
FNDA:0,_ZSt3getILm0EJPNSt7__cxx1118basic_stringstreamIcSt11char_traitsIcESaIcEEESt14default_deleteIS5_EEERNSt13tuple_elementIXT_ESt5tupleIJDpT0_EEE4typeERSD_
FNDA:0,_ZSt3getILm0EJPNSt7__cxx1112basic_stringIcSt11char_traitsIcESaIcEEESt14default_deleteIS5_EEERKNSt13tuple_elementIXT_ESt5tupleIJDpT0_EEE4typeERKSD_
FNDA:0,_ZSt12__get_helperILm1ESt14default_deleteINSt7__cxx1112basic_stringIcSt11char_traitsIcESaIcEEEEJEERT0_RSt11_Tuple_implIXT_EJS8_DpT1_EE
FNDA:0,_ZNSt10_Head_baseILm1ESt14default_deleteINSt7__cxx1112basic_stringIcSt11char_traitsIcESaIcEEEELb1EE7_M_headERS8_
FNDA:0,_ZNSt11_Tuple_implILm0EJPNSt7__cxx1118basic_stringstreamIcSt11char_traitsIcESaIcEEESt14default_deleteIS5_EEE7_M_headERS9_
FNF:29
FNH:9
DA:80,18
DA:81,18
DA:124,0
DA:189,18
DA:190,18
DA:233,28
DA:236,0
DA:268,28
DA:271,0
DA:279,18
DA:280,18
DA:424,0
DA:430,18
DA:431,18
DA:1049,18
DA:1051,18
DA:1364,28
DA:1365,28
DA:1369,0
DA:1370,0
DA:1380,28
DA:1381,28
DA:1386,0
DA:1387,0
LF:24
LH:16
end_of_record
TN:
SF:/usr/include/c++/12/typeinfo
FN:103,_ZNKSt9type_info4nameEv
FNDA:0,_ZNKSt9type_info4nameEv
FNF:1
FNH:0
DA:103,0
DA:104,0
LF:2
LH:0
end_of_record
TN:
SF:/usr/include/x86_64-linux-gnu/c++/12/bits/c++config.h
FN:516,_ZSt23__is_constant_evaluatedv
FNDA:180,_ZSt23__is_constant_evaluatedv
FNF:1
FNH:1
DA:516,180
DA:523,180
LF:2
LH:2
end_of_record
