<?xml version="1.0" encoding="UTF-8" standalone="yes"?><!DOCTYPE report PUBLIC "-//JACOCO//DTD Report 1.1//EN" "report.dtd"><report name="lab1.1"><sessioninfo id="unknownhost-2d36c4b9" start="1758362596475" dump="1758362602905"/><package name=""><class name="Turing" sourcefilename="Turing.java"><method name="&lt;init&gt;" desc="()V" line="1"><counter type="INSTRUCTION" missed="3" covered="0"/><counter type="LINE" missed="1" covered="0"/><counter type="COMPLEXITY" missed="1" covered="0"/><counter type="METHOD" missed="1" covered="0"/></method><method name="print" desc="()V" line="3"><counter type="INSTRUCTION" missed="4" covered="0"/><counter type="LINE" missed="2" covered="0"/><counter type="COMPLEXITY" missed="1" covered="0"/><counter type="METHOD" missed="1" covered="0"/></method><counter type="INSTRUCTION" missed="7" covered="0"/><counter type="LINE" missed="3" covered="0"/><counter type="COMPLEXITY" missed="2" covered="0"/><counter type="METHOD" missed="2" covered="0"/><counter type="CLASS" missed="1" covered="0"/></class><sourcefile name="Turing.java"><line nr="1" mi="3" ci="0" mb="0" cb="0"/><line nr="3" mi="3" ci="0" mb="0" cb="0"/><line nr="4" mi="1" ci="0" mb="0" cb="0"/><counter type="INSTRUCTION" missed="7" covered="0"/><counter type="LINE" missed="3" covered="0"/><counter type="COMPLEXITY" missed="2" covered="0"/><counter type="METHOD" missed="2" covered="0"/><counter type="CLASS" missed="1" covered="0"/></sourcefile><counter type="INSTRUCTION" missed="7" covered="0"/><counter type="LINE" missed="3" covered="0"/><counter type="COMPLEXITY" missed="2" covered="0"/><counter type="METHOD" missed="2" covered="0"/><counter type="CLASS" missed="1" covered="0"/></package><package name="my/vector"><class name="my/vector/Vector" sourcefilename="Vector.java"><method name="&lt;init&gt;" desc="(DDD)V" line="5"><counter type="INSTRUCTION" missed="0" covered="22"/><counter type="LINE" missed="0" covered="6"/><counter type="COMPLEXITY" missed="0" covered="1"/><counter type="METHOD" missed="0" covered="1"/></method><method name="PrintCoords" desc="()V" line="16"><counter type="INSTRUCTION" missed="16" covered="0"/><counter type="BRANCH" missed="2" covered="0"/><counter type="LINE" missed="4" covered="0"/><counter type="COMPLEXITY" missed="2" covered="0"/><counter type="METHOD" missed="1" covered="0"/></method><method name="Coords" desc="()[D" line="22"><counter type="INSTRUCTION" missed="0" covered="3"/><counter type="LINE" missed="0" covered="1"/><counter type="COMPLEXITY" missed="0" covered="1"/><counter type="METHOD" missed="0" covered="1"/></method><method name="plus" desc="(Lmy/vector/Vector;)V" line="26"><counter type="INSTRUCTION" missed="19" covered="0"/><counter type="BRANCH" missed="2" covered="0"/><counter type="LINE" missed="3" covered="0"/><counter type="COMPLEXITY" missed="2" covered="0"/><counter type="METHOD" missed="1" covered="0"/></method><method name="minus" desc="(Lmy/vector/Vector;)V" line="32"><counter type="INSTRUCTION" missed="19" covered="0"/><counter type="BRANCH" missed="2" covered="0"/><counter type="LINE" missed="3" covered="0"/><counter type="COMPLEXITY" missed="2" covered="0"/><counter type="METHOD" missed="1" covered="0"/></method><method name="scalmultiply" desc="(Lmy/vector/Vector;)D" line="38"><counter type="INSTRUCTION" missed="23" covered="0"/><counter type="BRANCH" missed="2" covered="0"/><counter type="LINE" missed="4" covered="0"/><counter type="COMPLEXITY" missed="2" covered="0"/><counter type="METHOD" missed="1" covered="0"/></method><method name="scalmultiply" desc="(D)D" line="46"><counter type="INSTRUCTION" missed="20" covered="0"/><counter type="BRANCH" missed="2" covered="0"/><counter type="LINE" missed="4" covered="0"/><counter type="COMPLEXITY" missed="2" covered="0"/><counter type="METHOD" missed="1" covered="0"/></method><method name="divide" desc="(Lmy/vector/Vector;)D" line="54"><counter type="INSTRUCTION" missed="23" covered="0"/><counter type="BRANCH" missed="2" covered="0"/><counter type="LINE" missed="4" covered="0"/><counter type="COMPLEXITY" missed="2" covered="0"/><counter type="METHOD" missed="1" covered="0"/></method><method name="length" desc="()D" line="62"><counter type="INSTRUCTION" missed="24" covered="0"/><counter type="BRANCH" missed="2" covered="0"/><counter type="LINE" missed="4" covered="0"/><counter type="COMPLEXITY" missed="2" covered="0"/><counter type="METHOD" missed="1" covered="0"/></method><method name="cosinus" desc="(Lmy/vector/Vector;)D" line="70"><counter type="INSTRUCTION" missed="10" covered="0"/><counter type="LINE" missed="1" covered="0"/><counter type="COMPLEXITY" missed="1" covered="0"/><counter type="METHOD" missed="1" covered="0"/></method><method name="bigger" desc="(Lmy/vector/Vector;)Z" line="74"><counter type="INSTRUCTION" missed="10" covered="0"/><counter type="BRANCH" missed="2" covered="0"/><counter type="LINE" missed="3" covered="0"/><counter type="COMPLEXITY" missed="2" covered="0"/><counter type="METHOD" missed="1" covered="0"/></method><method name="equal" desc="(Lmy/vector/Vector;)Z" line="83"><counter type="INSTRUCTION" missed="10" covered="0"/><counter type="BRANCH" missed="2" covered="0"/><counter type="LINE" missed="3" covered="0"/><counter type="COMPLEXITY" missed="2" covered="0"/><counter type="METHOD" missed="1" covered="0"/></method><counter type="INSTRUCTION" missed="174" covered="25"/><counter type="BRANCH" missed="18" covered="0"/><counter type="LINE" missed="33" covered="7"/><counter type="COMPLEXITY" missed="19" covered="2"/><counter type="METHOD" missed="10" covered="2"/><counter type="CLASS" missed="0" covered="1"/></class><sourcefile name="Vector.java"><line nr="5" mi="0" ci="4" mb="0" cb="0"/><line nr="7" mi="0" ci="2" mb="0" cb="0"/><line nr="8" mi="0" ci="5" mb="0" cb="0"/><line nr="9" mi="0" ci="5" mb="0" cb="0"/><line nr="10" mi="0" ci="5" mb="0" cb="0"/><line nr="11" mi="0" ci="1" mb="0" cb="0"/><line nr="16" mi="7" ci="0" mb="2" cb="0"/><line nr="17" mi="6" ci="0" mb="0" cb="0"/><line nr="19" mi="2" ci="0" mb="0" cb="0"/><line nr="20" mi="1" ci="0" mb="0" cb="0"/><line nr="22" mi="0" ci="3" mb="0" cb="0"/><line nr="26" mi="7" ci="0" mb="2" cb="0"/><line nr="27" mi="11" ci="0" mb="0" cb="0"/><line nr="29" mi="1" ci="0" mb="0" cb="0"/><line nr="32" mi="7" ci="0" mb="2" cb="0"/><line nr="33" mi="11" ci="0" mb="0" cb="0"/><line nr="35" mi="1" ci="0" mb="0" cb="0"/><line nr="38" mi="2" ci="0" mb="0" cb="0"/><line nr="39" mi="7" ci="0" mb="2" cb="0"/><line nr="40" mi="12" ci="0" mb="0" cb="0"/><line nr="42" mi="2" ci="0" mb="0" cb="0"/><line nr="46" mi="2" ci="0" mb="0" cb="0"/><line nr="47" mi="7" ci="0" mb="2" cb="0"/><line nr="48" mi="9" ci="0" mb="0" cb="0"/><line nr="50" mi="2" ci="0" mb="0" cb="0"/><line nr="54" mi="2" ci="0" mb="0" cb="0"/><line nr="55" mi="7" ci="0" mb="2" cb="0"/><line nr="56" mi="12" ci="0" mb="0" cb="0"/><line nr="58" mi="2" ci="0" mb="0" cb="0"/><line nr="62" mi="2" ci="0" mb="0" cb="0"/><line nr="63" mi="7" ci="0" mb="2" cb="0"/><line nr="64" mi="12" ci="0" mb="0" cb="0"/><line nr="66" mi="3" ci="0" mb="0" cb="0"/><line nr="70" mi="10" ci="0" mb="0" cb="0"/><line nr="74" mi="6" ci="0" mb="2" cb="0"/><line nr="75" mi="2" ci="0" mb="0" cb="0"/><line nr="77" mi="2" ci="0" mb="0" cb="0"/><line nr="83" mi="6" ci="0" mb="2" cb="0"/><line nr="84" mi="2" ci="0" mb="0" cb="0"/><line nr="86" mi="2" ci="0" mb="0" cb="0"/><counter type="INSTRUCTION" missed="174" covered="25"/><counter type="BRANCH" missed="18" covered="0"/><counter type="LINE" missed="33" covered="7"/><counter type="COMPLEXITY" missed="19" covered="2"/><counter type="METHOD" missed="10" covered="2"/><counter type="CLASS" missed="0" covered="1"/></sourcefile><counter type="INSTRUCTION" missed="174" covered="25"/><counter type="BRANCH" missed="18" covered="0"/><counter type="LINE" missed="33" covered="7"/><counter type="COMPLEXITY" missed="19" covered="2"/><counter type="METHOD" missed="10" covered="2"/><counter type="CLASS" missed="0" covered="1"/></package><counter type="INSTRUCTION" missed="181" covered="25"/><counter type="BRANCH" missed="18" covered="0"/><counter type="LINE" missed="36" covered="7"/><counter type="COMPLEXITY" missed="21" covered="2"/><counter type="METHOD" missed="12" covered="2"/><counter type="CLASS" missed="1" covered="1"/></report>